2020-08-22 01:29:06,838 :INFO : test_login :Clicked on Menu
2020-08-22 01:29:07,605 :INFO : test_login :Clicked on Login
2020-08-22 01:29:07,731 :INFO : test_login :Entered Username
2020-08-22 01:29:07,799 :INFO : test_login :Entered Password
2020-08-22 01:29:08,598 :INFO : test_login :Clicked on login button
2020-08-22 01:29:08,627 :INFO : test_login :Login successful
2020-08-22 01:30:02,642 :INFO : test_bookAppointment :Clicked on Menu
2020-08-22 01:30:03,135 :INFO : test_bookAppointment :Clicked on Login
2020-08-22 01:30:03,247 :INFO : test_bookAppointment :Entered Username
2020-08-22 01:30:03,317 :INFO : test_bookAppointment :Entered Password
2020-08-22 01:30:05,190 :INFO : test_bookAppointment :Clicked on login button
2020-08-22 01:30:05,264 :INFO : test_bookAppointment :Selected Facility option
2020-08-22 01:30:05,309 :INFO : test_bookAppointment :Selected Readmission
2020-08-22 01:30:05,460 :INFO : test_bookAppointment :Selected Date
2020-08-22 01:30:05,522 :INFO : test_bookAppointment :Entered comment
2020-08-22 01:30:06,550 :INFO : test_bookAppointment :Clicked on book button
2020-08-22 01:30:06,618 :INFO : test_bookAppointment :Booking Successful
2020-08-22 01:30:43,332 :INFO : test_login :Clicked on Menu
2020-08-22 01:30:43,824 :INFO : test_login :Clicked on Login
2020-08-22 01:30:43,917 :INFO : test_login :Entered Username
2020-08-22 01:30:43,984 :INFO : test_login :Entered Password
2020-08-22 01:30:44,624 :INFO : test_login :Clicked on login button
2020-08-22 01:30:44,645 :INFO : test_login :Login successful
2020-08-22 01:31:16,917 :INFO : test_validateFooter :Footer validation successful
2020-08-22 01:31:26,198 :INFO : test_validateTitle :Title validation successful
2020-08-22 01:46:10,760 :INFO : test_bookAppointment :Clicked on Menu
2020-08-22 01:46:11,871 :INFO : test_bookAppointment :Clicked on Login
2020-08-22 01:46:12,032 :INFO : test_bookAppointment :Entered Username
2020-08-22 01:46:12,095 :INFO : test_bookAppointment :Entered Password
2020-08-22 01:46:12,779 :INFO : test_bookAppointment :Clicked on login button
2020-08-22 01:46:12,847 :INFO : test_bookAppointment :Selected Facility option
2020-08-22 01:46:12,891 :INFO : test_bookAppointment :Selected Readmission
2020-08-22 01:46:13,051 :INFO : test_bookAppointment :Selected Date
2020-08-22 01:46:13,117 :INFO : test_bookAppointment :Entered comment
2020-08-22 01:46:13,452 :INFO : test_bookAppointment :Clicked on book button
2020-08-22 01:46:13,487 :INFO : test_bookAppointment :Booking Successful
2020-08-22 01:46:19,163 :INFO : test_login :Clicked on Menu
2020-08-22 01:46:20,442 :INFO : test_login :Clicked on Login
2020-08-22 01:46:20,550 :INFO : test_login :Entered Username
2020-08-22 01:46:20,623 :INFO : test_login :Entered Password
2020-08-22 01:46:21,204 :INFO : test_login :Clicked on login button
2020-08-22 01:46:21,235 :INFO : test_login :Login successful
2020-08-22 01:46:27,158 :INFO : test_validateFooter :Footer validation successful
2020-08-22 01:46:34,443 :INFO : test_validateTitle :Title validation successful
2020-08-22 01:52:18,795 :INFO : test_bookAppointment :Clicked on Menu
2020-08-22 01:52:19,328 :INFO : test_bookAppointment :Clicked on Login
2020-08-22 01:52:19,471 :INFO : test_bookAppointment :Entered Username
2020-08-22 01:52:19,540 :INFO : test_bookAppointment :Entered Password
2020-08-22 01:52:20,283 :INFO : test_bookAppointment :Clicked on login button
2020-08-22 01:52:20,354 :INFO : test_bookAppointment :Selected Facility option
2020-08-22 01:52:20,398 :INFO : test_bookAppointment :Selected Readmission
2020-08-22 01:52:20,548 :INFO : test_bookAppointment :Selected Date
2020-08-22 01:52:20,619 :INFO : test_bookAppointment :Entered comment
2020-08-22 01:52:20,969 :INFO : test_bookAppointment :Clicked on book button
2020-08-22 01:52:21,006 :INFO : test_bookAppointment :Booking Successful
2020-08-22 01:52:26,986 :INFO : test_login :Clicked on Menu
2020-08-22 01:52:27,460 :INFO : test_login :Clicked on Login
2020-08-22 01:52:27,566 :INFO : test_login :Entered Username
2020-08-22 01:52:27,644 :INFO : test_login :Entered Password
2020-08-22 01:52:28,217 :INFO : test_login :Clicked on login button
2020-08-22 01:52:28,258 :INFO : test_login :Login successful
2020-08-22 01:52:33,936 :INFO : test_validateFooter :Footer validation successful
2020-08-22 01:59:33,633 :INFO : test_bookAppointment :Clicked on Menu
2020-08-22 01:59:34,216 :INFO : test_bookAppointment :Clicked on Login
2020-08-22 01:59:34,331 :INFO : test_bookAppointment :Entered Username
2020-08-22 01:59:34,401 :INFO : test_bookAppointment :Entered Password
2020-08-22 01:59:35,081 :INFO : test_bookAppointment :Clicked on login button
2020-08-22 01:59:35,159 :INFO : test_bookAppointment :Selected Facility option
2020-08-22 01:59:35,199 :INFO : test_bookAppointment :Selected Readmission
2020-08-22 01:59:35,332 :INFO : test_bookAppointment :Selected Date
2020-08-22 01:59:35,403 :INFO : test_bookAppointment :Entered comment
2020-08-22 01:59:35,759 :INFO : test_bookAppointment :Clicked on book button
2020-08-22 01:59:35,797 :INFO : test_bookAppointment :Booking Successful
2020-08-22 01:59:42,545 :INFO : test_login :Clicked on Menu
2020-08-22 01:59:43,120 :INFO : test_login :Clicked on Login
2020-08-22 01:59:43,236 :INFO : test_login :Entered Username
2020-08-22 01:59:43,303 :INFO : test_login :Entered Password
2020-08-22 01:59:43,993 :INFO : test_login :Clicked on login button
2020-08-22 01:59:44,023 :INFO : test_login :Login successful
2020-08-22 01:59:49,754 :INFO : test_validateFooter :Footer validation successful
2020-08-22 13:22:55,801 :INFO : test_login :Clicked on Menu
2020-08-22 13:22:56,649 :INFO : test_login :Clicked on Login
2020-08-22 13:22:56,807 :INFO : test_login :Entered Username
2020-08-22 13:22:56,870 :INFO : test_login :Entered Password
2020-08-22 13:22:58,349 :INFO : test_login :Clicked on login button
2020-08-22 13:22:58,380 :INFO : test_login :Login successful
2020-08-22 13:51:06,222 :INFO : test_bookAppointment :Clicked on Menu
2020-08-22 13:51:06,809 :INFO : test_bookAppointment :Clicked on Login
2020-08-22 13:51:06,927 :INFO : test_bookAppointment :Entered Username
2020-08-22 13:51:06,998 :INFO : test_bookAppointment :Entered Password
2020-08-22 13:51:08,803 :INFO : test_bookAppointment :Clicked on login button
2020-08-22 13:51:15,448 :INFO : test_login :Clicked on Menu
2020-08-22 13:51:15,952 :INFO : test_login :Clicked on Login
2020-08-22 13:51:16,057 :INFO : test_login :Entered Username
2020-08-22 13:51:16,129 :INFO : test_login :Entered Password
2020-08-22 13:51:17,130 :INFO : test_login :Clicked on login button
2020-08-22 13:51:17,163 :INFO : test_login :Login successful
2020-08-22 13:51:23,365 :INFO : test_validateFooter :Footer validation successful
2020-08-22 13:57:14,774 :INFO : test_bookAppointment :Clicked on Menu
2020-08-22 13:57:15,271 :INFO : test_bookAppointment :Clicked on Login
2020-08-22 13:57:15,394 :INFO : test_bookAppointment :Entered Username
2020-08-22 13:57:15,466 :INFO : test_bookAppointment :Entered Password
2020-08-22 13:57:16,054 :INFO : test_bookAppointment :Clicked on login button
2020-08-22 13:57:24,199 :INFO : test_login :Clicked on Menu
2020-08-22 13:57:24,661 :INFO : test_login :Clicked on Login
2020-08-22 13:57:24,768 :INFO : test_login :Entered Username
2020-08-22 13:57:24,843 :INFO : test_login :Entered Password
2020-08-22 13:57:25,402 :INFO : test_login :Clicked on login button
2020-08-22 13:57:25,433 :INFO : test_login :Login successful
2020-08-22 13:57:31,737 :INFO : test_validateFooter :Footer validation successful
2020-08-22 14:00:11,100 :INFO : test_bookAppointment :Clicked on Menu
2020-08-22 14:00:11,586 :INFO : test_bookAppointment :Clicked on Login
2020-08-22 14:00:11,701 :INFO : test_bookAppointment :Entered Username
2020-08-22 14:00:11,774 :INFO : test_bookAppointment :Entered Password
2020-08-22 14:00:14,106 :INFO : test_bookAppointment :Clicked on login button
2020-08-22 14:08:36,070 :INFO : test_bookAppointment :Clicked on Menu
2020-08-22 14:08:36,591 :INFO : test_bookAppointment :Clicked on Login
2020-08-22 14:08:36,709 :INFO : test_bookAppointment :Entered Username
2020-08-22 14:08:36,793 :INFO : test_bookAppointment :Entered Password
2020-08-22 14:08:37,407 :INFO : test_bookAppointment :Clicked on login button
2020-08-22 14:09:01,512 :INFO : test_bookAppointment :Clicked on Menu
2020-08-22 14:09:01,999 :INFO : test_bookAppointment :Clicked on Login
2020-08-22 14:09:02,106 :INFO : test_bookAppointment :Entered Username
2020-08-22 14:09:02,176 :INFO : test_bookAppointment :Entered Password
2020-08-22 14:09:02,838 :INFO : test_bookAppointment :Clicked on login button
2020-08-22 14:09:02,910 :INFO : test_bookAppointment :Selected Facility option
2020-08-22 14:09:02,953 :INFO : test_bookAppointment :Selected Readmission
2020-08-22 14:09:09,218 :INFO : test_login :Clicked on Menu
2020-08-22 14:09:09,749 :INFO : test_login :Clicked on Login
2020-08-22 14:09:09,855 :INFO : test_login :Entered Username
2020-08-22 14:09:09,925 :INFO : test_login :Entered Password
2020-08-22 14:09:12,377 :INFO : test_login :Clicked on login button
2020-08-22 14:09:12,413 :INFO : test_login :Login successful
2020-08-22 14:09:19,000 :INFO : test_validateFooter :Footer validation successful
2020-08-22 14:10:34,712 :INFO : test_bookAppointment :Clicked on Menu
2020-08-22 14:10:35,254 :INFO : test_bookAppointment :Clicked on Login
2020-08-22 14:10:35,368 :INFO : test_bookAppointment :Entered Username
2020-08-22 14:10:35,439 :INFO : test_bookAppointment :Entered Password
2020-08-22 14:10:36,002 :INFO : test_bookAppointment :Clicked on login button
2020-08-22 14:10:36,070 :INFO : test_bookAppointment :Selected Facility option
2020-08-22 14:10:36,113 :INFO : test_bookAppointment :Selected Readmission
2020-08-22 14:12:12,290 :INFO : test_bookAppointment :Clicked on Menu
2020-08-22 14:12:13,021 :INFO : test_bookAppointment :Clicked on Login
2020-08-22 14:12:13,134 :INFO : test_bookAppointment :Entered Username
2020-08-22 14:12:13,206 :INFO : test_bookAppointment :Entered Password
2020-08-22 14:12:14,296 :INFO : test_bookAppointment :Clicked on login button
2020-08-22 14:12:14,372 :INFO : test_bookAppointment :Selected Facility option
2020-08-22 14:12:14,414 :INFO : test_bookAppointment :Selected Readmission
2020-08-22 14:12:14,558 :INFO : test_bookAppointment :Selected Date
2020-08-22 14:12:14,636 :INFO : test_bookAppointment :Entered comment
2020-08-22 14:12:15,157 :INFO : test_bookAppointment :Clicked on book button
2020-08-22 14:12:15,187 :INFO : test_bookAppointment :Booking Successful
2020-08-22 14:12:59,747 :INFO : test_bookAppointment :Clicked on Menu
2020-08-22 14:13:00,252 :INFO : test_bookAppointment :Clicked on Login
2020-08-22 14:13:00,410 :INFO : test_bookAppointment :Entered Username
2020-08-22 14:13:00,487 :INFO : test_bookAppointment :Entered Password
2020-08-22 14:13:01,086 :INFO : test_bookAppointment :Clicked on login button
2020-08-22 14:13:01,151 :INFO : test_bookAppointment :Selected Facility option
2020-08-22 14:13:01,194 :INFO : test_bookAppointment :Selected Readmission
2020-08-22 14:13:01,318 :INFO : test_bookAppointment :Selected Date
2020-08-22 14:13:01,390 :INFO : test_bookAppointment :Entered comment
2020-08-22 14:13:01,753 :INFO : test_bookAppointment :Clicked on book button
2020-08-22 14:13:01,795 :INFO : test_bookAppointment :Booking Successful
2020-08-22 14:13:08,003 :INFO : test_login :Clicked on Menu
2020-08-22 14:13:08,529 :INFO : test_login :Clicked on Login
2020-08-22 14:13:08,646 :INFO : test_login :Entered Username
2020-08-22 14:13:08,715 :INFO : test_login :Entered Password
2020-08-22 14:13:09,314 :INFO : test_login :Clicked on login button
2020-08-22 14:13:09,355 :INFO : test_login :Login successful
2020-08-22 14:13:15,230 :INFO : test_validateFooter :Footer validation successful
2020-08-22 15:43:44,361 :INFO : test_bookAppointment :Clicked on Menu
2020-08-22 15:43:44,993 :INFO : test_bookAppointment :Clicked on Login
2020-08-22 15:43:45,145 :INFO : test_bookAppointment :Entered Username
2020-08-22 15:43:45,228 :INFO : test_bookAppointment :Entered Password
2020-08-22 15:43:45,943 :INFO : test_bookAppointment :Clicked on login button
2020-08-22 15:43:46,046 :INFO : test_bookAppointment :Selected Facility option
2020-08-22 15:43:46,090 :INFO : test_bookAppointment :Selected Readmission
2020-08-22 15:43:46,232 :INFO : test_bookAppointment :Selected Date
2020-08-22 15:43:46,314 :INFO : test_bookAppointment :Entered comment
2020-08-22 15:43:46,693 :INFO : test_bookAppointment :Clicked on book button
2020-08-22 15:43:46,750 :INFO : test_bookAppointment :Booking Successful
2020-08-22 15:43:53,797 :INFO : test_login :Clicked on Menu
2020-08-22 15:43:54,495 :INFO : test_login :Clicked on Login
2020-08-22 15:43:54,602 :INFO : test_login :Entered Username
2020-08-22 15:43:54,672 :INFO : test_login :Entered Password
2020-08-22 15:43:55,242 :INFO : test_login :Clicked on login button
2020-08-22 15:43:55,273 :INFO : test_login :Login successful
2020-08-22 16:37:38,405 :INFO : test_bookAppointment :Clicked on Menu
2020-08-22 16:37:38,900 :INFO : test_bookAppointment :Clicked on Login
2020-08-22 16:37:39,028 :INFO : test_bookAppointment :Entered Username
2020-08-22 16:37:39,096 :INFO : test_bookAppointment :Entered Password
2020-08-22 16:37:41,396 :INFO : test_bookAppointment :Clicked on login button
2020-08-22 16:37:41,457 :INFO : test_bookAppointment :Selected Facility option
2020-08-22 16:37:41,501 :INFO : test_bookAppointment :Selected Readmission
2020-08-22 16:37:41,630 :INFO : test_bookAppointment :Selected Date
2020-08-22 16:37:41,708 :INFO : test_bookAppointment :Entered comment
2020-08-22 16:37:42,191 :INFO : test_bookAppointment :Clicked on book button
2020-08-22 16:37:42,210 :INFO : test_bookAppointment :Booking Successful
2020-08-22 16:37:48,394 :INFO : test_login :Clicked on Menu
2020-08-22 16:37:48,890 :INFO : test_login :Clicked on Login
2020-08-22 16:37:49,000 :INFO : test_login :Entered Username
2020-08-22 16:37:49,069 :INFO : test_login :Entered Password
2020-08-22 16:37:49,659 :INFO : test_login :Clicked on login button
2020-08-22 16:37:49,680 :INFO : test_login :Login successful
2020-08-22 16:37:55,614 :INFO : test_validateFooter :Footer validation successful
2020-08-22 16:40:54,335 :INFO : test_bookAppointment :Clicked on Menu
2020-08-22 16:40:55,397 :INFO : test_bookAppointment :Clicked on Login
2020-08-22 16:40:55,561 :INFO : test_bookAppointment :Entered Username
2020-08-22 16:40:55,632 :INFO : test_bookAppointment :Entered Password
2020-08-22 16:40:56,827 :INFO : test_bookAppointment :Clicked on login button
2020-08-22 16:40:56,890 :INFO : test_bookAppointment :Selected Facility option
2020-08-22 16:40:56,932 :INFO : test_bookAppointment :Selected Readmission
2020-08-22 16:40:57,078 :INFO : test_bookAppointment :Selected Date
2020-08-22 16:40:57,152 :INFO : test_bookAppointment :Entered comment
2020-08-22 16:40:57,858 :INFO : test_bookAppointment :Clicked on book button
2020-08-22 16:40:57,883 :INFO : test_bookAppointment :Booking Successful
2020-08-22 16:41:03,874 :INFO : test_login :Clicked on Menu
2020-08-22 16:41:04,362 :INFO : test_login :Clicked on Login
2020-08-22 16:41:04,456 :INFO : test_login :Entered Username
2020-08-22 16:41:04,535 :INFO : test_login :Entered Password
2020-08-22 16:41:05,118 :INFO : test_login :Clicked on login button
2020-08-22 16:41:05,157 :INFO : test_login :Login successful
2020-08-22 16:41:10,697 :INFO : test_validateFooter :Footer validation successful
2020-08-22 16:42:14,981 :INFO : test_bookAppointment :Clicked on Menu
2020-08-22 16:42:15,510 :INFO : test_bookAppointment :Clicked on Login
2020-08-22 16:42:15,645 :INFO : test_bookAppointment :Entered Username
2020-08-22 16:42:15,743 :INFO : test_bookAppointment :Entered Password
2020-08-22 16:42:16,516 :INFO : test_bookAppointment :Clicked on login button
2020-08-22 16:42:16,617 :INFO : test_bookAppointment :Selected Facility option
2020-08-22 16:42:16,669 :INFO : test_bookAppointment :Selected Readmission
2020-08-22 16:42:16,839 :INFO : test_bookAppointment :Selected Date
2020-08-22 16:42:16,953 :INFO : test_bookAppointment :Entered comment
2020-08-22 16:42:17,988 :INFO : test_bookAppointment :Clicked on book button
2020-08-22 16:42:18,053 :INFO : test_bookAppointment :Booking Successful
2020-08-22 16:42:25,316 :INFO : test_login :Clicked on Menu
2020-08-22 16:42:25,928 :INFO : test_login :Clicked on Login
2020-08-22 16:42:26,065 :INFO : test_login :Entered Username
2020-08-22 16:42:26,156 :INFO : test_login :Entered Password
2020-08-22 16:42:27,075 :INFO : test_login :Clicked on login button
2020-08-22 16:42:27,121 :INFO : test_login :Login successful
2020-08-22 16:42:33,827 :INFO : test_validateFooter :Footer validation successful
2020-08-22 16:46:11,297 :INFO : test_bookAppointment :Clicked on Menu
2020-08-22 16:46:11,803 :INFO : test_bookAppointment :Clicked on Login
2020-08-22 16:46:11,923 :INFO : test_bookAppointment :Entered Username
2020-08-22 16:46:11,995 :INFO : test_bookAppointment :Entered Password
2020-08-22 16:46:12,614 :INFO : test_bookAppointment :Clicked on login button
2020-08-22 16:46:12,686 :INFO : test_bookAppointment :Selected Facility option
2020-08-22 16:46:12,729 :INFO : test_bookAppointment :Selected Readmission
2020-08-22 16:46:12,853 :INFO : test_bookAppointment :Selected Date
2020-08-22 16:46:12,929 :INFO : test_bookAppointment :Entered comment
2020-08-22 16:46:13,648 :INFO : test_bookAppointment :Clicked on book button
2020-08-22 16:46:13,684 :INFO : test_bookAppointment :Booking Successful
2020-08-22 16:47:38,952 :INFO : test_bookAppointment :Clicked on Menu
2020-08-22 16:47:39,498 :INFO : test_bookAppointment :Clicked on Login
2020-08-22 16:47:39,628 :INFO : test_bookAppointment :Entered Username
2020-08-22 16:47:39,727 :INFO : test_bookAppointment :Entered Password
2020-08-22 16:47:40,416 :INFO : test_bookAppointment :Clicked on login button
2020-08-22 16:47:40,515 :INFO : test_bookAppointment :Selected Facility option
2020-08-22 16:47:40,565 :INFO : test_bookAppointment :Selected Readmission
2020-08-22 16:47:40,724 :INFO : test_bookAppointment :Selected Date
2020-08-22 16:47:40,836 :INFO : test_bookAppointment :Entered comment
2020-08-22 16:47:41,199 :INFO : test_bookAppointment :Clicked on book button
2020-08-22 16:47:41,254 :INFO : test_bookAppointment :Booking Successful
2021-12-05 17:55:51,019 :INFO : test_login :Entered Username
2021-12-05 17:57:52,537 :INFO : test_login :Entered Username
2021-12-05 17:57:52,754 :INFO : test_login :Entered Password
2021-12-05 17:57:52,827 :INFO : test_login :Clicked on login button
2021-12-05 17:57:52,828 :INFO : test_login :Login successful
2021-12-05 18:53:46,799 :INFO : test_login :Clicked on Service Page DropDown
2021-12-05 18:53:46,849 :INFO : test_login :Selected Account
2021-12-05 18:58:38,754 :INFO : test_login :Clicked on Service Page DropDown
2021-12-05 18:58:38,912 :INFO : test_login :Selected Account
2021-12-05 18:58:59,112 :INFO : test_login :Clicked on VoiceCommunication
2021-12-05 18:59:19,360 :INFO : test_login :Clicked on VoiceCommunication 2
2021-12-05 19:49:30,998 :INFO : test_login :Clicked on Service Page DropDown
2021-12-05 19:49:31,126 :INFO : test_login :Selected Account
2021-12-05 19:49:51,360 :INFO : test_login :Clicked on VoiceCommunication
2021-12-05 19:50:11,648 :INFO : test_login :Clicked on VoiceCommunication 2
2021-12-05 19:52:32,712 :INFO : test_login :Clicked on Service Page DropDown
2021-12-05 19:52:32,867 :INFO : test_login :Selected Account
2021-12-05 19:52:53,110 :INFO : test_login :Clicked on VoiceCommunication
2021-12-05 19:53:13,331 :INFO : test_login :Clicked on VoiceCommunication 2
2021-12-05 19:59:43,255 :INFO : test_login :Clicked on Service Page DropDown
2021-12-05 19:59:43,301 :INFO : test_login :Selected Account
2021-12-05 20:00:03,463 :INFO : test_login :Clicked on VoiceCommunication
2021-12-05 20:00:23,709 :INFO : test_login :Clicked on VoiceCommunication 2
2021-12-07 13:36:11,979 :INFO : test_deletecustomer :Clicked on Service Page DropDown
2021-12-07 13:36:12,027 :INFO : test_deletecustomer :Selected Account
2021-12-07 14:13:16,009 :INFO : test_deletecustomer :Clicked on Service Page DropDown
2021-12-07 14:13:16,058 :INFO : test_deletecustomer :Selected Account
2021-12-07 14:13:35,421 :INFO : test_deletecustomer :Clicked on VoiceCommunication
2021-12-07 14:13:54,806 :INFO : test_deletecustomer :Clicked on VoiceCommunication 2
2021-12-07 14:16:42,454 :INFO : test_deletecustomer :Clicked on Service Page DropDown
2021-12-07 14:16:42,554 :INFO : test_deletecustomer :Selected Account
2021-12-07 14:17:02,738 :INFO : test_deletecustomer :Clicked on VoiceCommunication
2021-12-07 14:17:23,023 :INFO : test_deletecustomer :Clicked on VoiceCommunication 2
2021-12-07 14:26:07,418 :INFO : test_deletecustomer :Clicked on Service Page DropDown
2021-12-07 14:26:07,599 :INFO : test_deletecustomer :Selected Account
2021-12-07 14:26:27,831 :INFO : test_deletecustomer :Clicked on VoiceCommunication
2021-12-07 14:26:48,101 :INFO : test_deletecustomer :Clicked on VoiceCommunication 2
2021-12-07 22:09:52,520 :INFO : test_deletecustomer :Clicked on Service Page DropDown
2021-12-07 22:09:52,567 :INFO : test_deletecustomer :Selected Account
2021-12-07 22:11:36,303 :INFO : test_deletecustomer :Clicked on Service Page DropDown
2021-12-07 22:11:36,375 :INFO : test_deletecustomer :Selected Account
2021-12-07 22:11:56,516 :INFO : test_deletecustomer :Clicked on VoiceCommunication
2021-12-07 22:13:46,117 :INFO : test_deletecustomer :Clicked on Service Page DropDown
2021-12-07 22:13:46,164 :INFO : test_deletecustomer :Selected Account
2021-12-07 22:14:06,275 :INFO : test_deletecustomer :Clicked on VoiceCommunication
2021-12-07 22:14:56,523 :INFO : test_deletecustomer :Clicked on VoiceCommunication 2
2021-12-07 22:27:33,944 :INFO : test_deletecustomer :Clicked on Service Page DropDown
2021-12-07 22:27:33,992 :INFO : test_deletecustomer :Selected Account
2021-12-07 22:27:54,098 :INFO : test_deletecustomer :Clicked on VoiceCommunication
2021-12-07 22:28:44,267 :INFO : test_deletecustomer :Clicked on VoiceCommunication 2
2021-12-07 22:29:14,290 :INFO : test_deletecustomer :Scrolled to bottom of page
2021-12-07 22:38:35,423 :INFO : test_deletecustomer :Clicked on Service Page DropDown
2021-12-07 22:38:35,472 :INFO : test_deletecustomer :Selected Account
2021-12-07 22:38:55,586 :INFO : test_deletecustomer :Clicked on VoiceCommunication
2021-12-07 22:39:45,755 :INFO : test_deletecustomer :Clicked on VoiceCommunication 2
2021-12-07 22:40:15,776 :INFO : test_deletecustomer :Scrolled to bottom of page
2021-12-07 22:45:05,697 :INFO : test_deletecustomer :Clicked on Service Page DropDown
2021-12-07 22:45:05,746 :INFO : test_deletecustomer :Selected Account
2021-12-07 22:45:25,847 :INFO : test_deletecustomer :Clicked on VoiceCommunication
2021-12-07 22:46:15,990 :INFO : test_deletecustomer :Clicked on VoiceCommunication 2
2021-12-07 22:46:45,999 :INFO : test_deletecustomer :Scrolled to bottom of page
2021-12-07 22:47:06,156 :INFO : test_deletecustomer :Searched customer Name
2021-12-07 22:47:06,199 :INFO : test_deletecustomer :Clicked three dots
2021-12-07 22:50:05,508 :INFO : test_deletecustomer :Clicked on Service Page DropDown
2021-12-07 22:50:05,554 :INFO : test_deletecustomer :Selected Account
2021-12-07 22:50:25,691 :INFO : test_deletecustomer :Clicked on VoiceCommunication
2021-12-07 22:51:15,827 :INFO : test_deletecustomer :Clicked on VoiceCommunication 2
2021-12-07 22:51:45,849 :INFO : test_deletecustomer :Scrolled to bottom of page
2021-12-07 22:52:06,040 :INFO : test_deletecustomer :Searched customer Name
2021-12-07 22:54:09,357 :INFO : test_deletecustomer :Clicked on Service Page DropDown
2021-12-07 22:54:09,407 :INFO : test_deletecustomer :Selected Account
2021-12-07 22:54:29,533 :INFO : test_deletecustomer :Clicked on VoiceCommunication
2021-12-07 22:55:19,703 :INFO : test_deletecustomer :Clicked on VoiceCommunication 2
2021-12-07 22:55:49,723 :INFO : test_deletecustomer :Scrolled to bottom of page
2021-12-07 22:56:09,895 :INFO : test_deletecustomer :Searched customer Name
2021-12-07 23:00:33,298 :INFO : test_deletecustomer :Clicked on Service Page DropDown
2021-12-07 23:00:33,348 :INFO : test_deletecustomer :Selected Account
2021-12-07 23:00:53,449 :INFO : test_deletecustomer :Clicked on VoiceCommunication
2021-12-07 23:01:43,578 :INFO : test_deletecustomer :Clicked on VoiceCommunication 2
2021-12-07 23:02:13,596 :INFO : test_deletecustomer :Scrolled to bottom of page
2021-12-07 23:02:33,780 :INFO : test_deletecustomer :Searched customer Name
2021-12-07 23:02:53,915 :INFO : test_deletecustomer :Clicked three dots
2021-12-07 23:03:14,226 :INFO : test_deletecustomer :Clicked cancel option
2021-12-07 23:03:34,288 :INFO : test_deletecustomer :Clicked Confirm option
2021-12-07 23:03:54,429 :INFO : test_deletecustomer :Clicked Cancel It option
2021-12-07 23:12:48,943 :INFO : test_deletecustomer :Clicked on Service Page DropDown
2021-12-07 23:12:48,989 :INFO : test_deletecustomer :Selected Account
2021-12-07 23:13:09,127 :INFO : test_deletecustomer :Clicked on VoiceCommunication
2021-12-07 23:13:59,305 :INFO : test_deletecustomer :Clicked on VoiceCommunication 2
2021-12-07 23:14:09,314 :INFO : test_deletecustomer :Scrolled to bottom of page
2021-12-07 23:14:14,515 :INFO : test_deletecustomer :Searched customer Name
2021-12-07 23:14:19,653 :INFO : test_deletecustomer :Clicked three dots
2021-12-07 23:14:24,860 :INFO : test_deletecustomer :Clicked cancel option
2021-12-07 23:14:29,926 :INFO : test_deletecustomer :Clicked Confirm option
2021-12-07 23:14:35,074 :INFO : test_deletecustomer :Clicked Cancel It option
2021-12-07 23:18:52,108 :INFO : test_deletecustomer :Clicked on Service Page DropDown
2021-12-07 23:18:52,182 :INFO : test_deletecustomer :Selected Account
2021-12-07 23:19:12,307 :INFO : test_deletecustomer :Clicked on VoiceCommunication
2021-12-07 23:20:02,480 :INFO : test_deletecustomer :Clicked on VoiceCommunication 2
2021-12-07 23:20:12,496 :INFO : test_deletecustomer :Scrolled to bottom of page
2021-12-07 23:20:17,797 :INFO : test_deletecustomer :Searched customer Name
2021-12-07 23:20:22,895 :INFO : test_deletecustomer :Clicked three dots
2021-12-07 23:20:28,058 :INFO : test_deletecustomer :Clicked cancel option
2021-12-07 23:20:33,158 :INFO : test_deletecustomer :Clicked Confirm option
2021-12-07 23:20:38,331 :INFO : test_deletecustomer :Clicked Cancel It option
2021-12-07 23:43:04,854 :INFO : test_addcust :Clicked on Service Page DropDown
2021-12-07 23:43:04,901 :INFO : test_addcust :Selected Account
2021-12-07 23:43:25,028 :INFO : test_addcust :Clicked on VoiceCommunication
2021-12-07 23:43:45,174 :INFO : test_addcust :Clicked on VoiceCommunication 2
2021-12-08 00:04:27,539 :INFO : test_addcust :Clicked on Service Page DropDown
2021-12-08 00:04:27,586 :INFO : test_addcust :Selected Account
2021-12-08 00:04:47,716 :INFO : test_addcust :Clicked on VoiceCommunication
2021-12-08 00:05:07,851 :INFO : test_addcust :Clicked on VoiceCommunication 2
2021-12-08 00:11:06,592 :INFO : test_deletecustomer :Clicked on Service Page DropDown
2021-12-08 00:11:06,669 :INFO : test_deletecustomer :Selected Account
2021-12-08 00:11:26,798 :INFO : test_deletecustomer :Clicked on VoiceCommunication
2021-12-08 00:12:16,970 :INFO : test_deletecustomer :Clicked on VoiceCommunication 2
2021-12-08 00:14:19,237 :INFO : test_addcust :Clicked on Service Page DropDown
2021-12-08 00:14:19,294 :INFO : test_addcust :Selected Account
2021-12-08 00:14:39,440 :INFO : test_addcust :Clicked on VoiceCommunication
2021-12-08 00:14:59,606 :INFO : test_addcust :Clicked on VoiceCommunication 2
2021-12-08 00:25:13,295 :INFO : test_addcust :Clicked on Service Page DropDown
2021-12-08 00:25:13,340 :INFO : test_addcust :Selected Account
2021-12-08 00:25:33,469 :INFO : test_addcust :Clicked on VoiceCommunication
2021-12-08 00:25:53,615 :INFO : test_addcust :Clicked on VoiceCommunication 2
2021-12-08 00:28:05,991 :INFO : test_deletecustomer :Clicked on Service Page DropDown
2021-12-08 00:28:06,042 :INFO : test_deletecustomer :Selected Account
2021-12-11 15:55:47,285 :INFO : test_addcust :Clicked on Service Page DropDown
2021-12-11 15:55:47,331 :INFO : test_addcust :Selected Account
2021-12-11 16:00:01,311 :INFO : test_addcust :Clicked on Service Page DropDown
2021-12-11 16:00:01,359 :INFO : test_addcust :Selected Account
2021-12-11 16:00:21,428 :INFO : test_addcust :Clicked on VoiceCommunication
2021-12-11 16:00:41,575 :INFO : test_addcust :Clicked on VoiceCommunication 2
2021-12-11 16:02:46,121 :INFO : test_deletecustomer :Clicked on Service Page DropDown
2021-12-11 16:02:46,171 :INFO : test_deletecustomer :Selected Account
2021-12-11 16:03:06,302 :INFO : test_deletecustomer :Clicked on VoiceCommunication
2021-12-11 16:03:56,474 :INFO : test_deletecustomer :Clicked on VoiceCommunication 2
2021-12-11 16:04:06,493 :INFO : test_deletecustomer :Scrolled to bottom of page
2021-12-11 16:04:11,673 :INFO : test_deletecustomer :Searched customer Name
2021-12-11 16:04:16,803 :INFO : test_deletecustomer :Clicked three dots
2021-12-11 16:04:21,988 :INFO : test_deletecustomer :Clicked cancel option
2021-12-11 16:04:27,086 :INFO : test_deletecustomer :Clicked Confirm option
2021-12-11 16:04:32,229 :INFO : test_deletecustomer :Clicked Cancel It option
2021-12-11 16:10:59,436 :INFO : test_addcust :Clicked on Service Page DropDown
2021-12-11 16:10:59,486 :INFO : test_addcust :Selected Account
2021-12-11 16:11:19,617 :INFO : test_addcust :Clicked on VoiceCommunication
2021-12-11 16:11:39,738 :INFO : test_addcust :Clicked on VoiceCommunication 2
2021-12-11 16:13:50,165 :INFO : test_deletecustomer :Clicked on Service Page DropDown
2021-12-11 16:13:50,231 :INFO : test_deletecustomer :Selected Account
2021-12-11 16:14:10,391 :INFO : test_deletecustomer :Clicked on VoiceCommunication
2021-12-11 16:15:00,573 :INFO : test_deletecustomer :Clicked on VoiceCommunication 2
2021-12-11 16:15:10,605 :INFO : test_deletecustomer :Scrolled to bottom of page
2021-12-11 16:15:15,789 :INFO : test_deletecustomer :Searched customer Name
2021-12-11 16:15:20,914 :INFO : test_deletecustomer :Clicked three dots
2021-12-11 16:15:26,085 :INFO : test_deletecustomer :Clicked cancel option
2021-12-11 16:15:31,189 :INFO : test_deletecustomer :Clicked Confirm option
2021-12-11 16:15:36,316 :INFO : test_deletecustomer :Clicked Cancel It option
2021-12-11 16:31:14,006 :INFO : test_addcust :Clicked on Service Page DropDown
2021-12-11 16:31:14,054 :INFO : test_addcust :Selected Account
2021-12-11 16:31:34,204 :INFO : test_addcust :Clicked on VoiceCommunication
2021-12-11 16:31:54,388 :INFO : test_addcust :Clicked on VoiceCommunication 2
2021-12-11 16:34:23,617 :INFO : test_deletecustomer :Clicked on Service Page DropDown
2021-12-11 16:34:23,663 :INFO : test_deletecustomer :Selected Account
2021-12-11 16:34:43,789 :INFO : test_deletecustomer :Clicked on VoiceCommunication
2021-12-11 16:35:33,957 :INFO : test_deletecustomer :Clicked on VoiceCommunication 2
2021-12-11 16:35:43,978 :INFO : test_deletecustomer :Scrolled to bottom of page
2021-12-11 16:35:49,189 :INFO : test_deletecustomer :Searched customer Name
2021-12-11 16:35:54,330 :INFO : test_deletecustomer :Clicked three dots
2021-12-11 16:35:59,495 :INFO : test_deletecustomer :Clicked cancel option
2021-12-11 16:36:04,604 :INFO : test_deletecustomer :Clicked Confirm option
2021-12-11 16:36:09,754 :INFO : test_deletecustomer :Clicked Cancel It option
2021-12-11 16:41:08,862 :INFO : test_addcust :Clicked on Service Page DropDown
2021-12-11 16:41:08,909 :INFO : test_addcust :Selected Account
2021-12-11 16:41:29,068 :INFO : test_addcust :Clicked on VoiceCommunication
2021-12-11 16:41:49,212 :INFO : test_addcust :Clicked on VoiceCommunication 2
2021-12-11 16:45:30,805 :INFO : test_addcust :Clicked on Service Page DropDown
2021-12-11 16:45:30,858 :INFO : test_addcust :Selected Account
2021-12-11 16:45:50,976 :INFO : test_addcust :Clicked on VoiceCommunication
2021-12-11 16:46:11,110 :INFO : test_addcust :Clicked on VoiceCommunication 2
2021-12-11 20:26:28,670 :INFO : test_addcust :Clicked on Service Page DropDown
2021-12-11 20:26:28,732 :INFO : test_addcust :Selected Account
2021-12-11 20:26:48,882 :INFO : test_addcust :Clicked on VoiceCommunication
2021-12-11 20:27:09,059 :INFO : test_addcust :Clicked on VoiceCommunication 2
2021-12-11 20:27:39,298 :INFO : test_addcust :Clicked on Add Customer button
2021-12-11 20:27:39,410 :INFO : test_addcust :Entered Company Name
2021-12-11 20:27:39,488 :INFO : test_addcust :Entered Credit Limit
2021-12-11 20:27:39,566 :INFO : test_addcust :Entered Contact Name
2021-12-11 20:27:39,695 :INFO : test_addcust :Entered Contact Number
2021-12-11 20:27:39,795 :INFO : test_addcust :Entered Contact Email
2021-12-11 20:27:39,906 :INFO : test_addcust :Clicked Submit
2021-12-11 20:29:15,032 :INFO : test_deletecustomer :Clicked on Service Page DropDown
2021-12-11 20:29:15,154 :INFO : test_deletecustomer :Selected Account
2021-12-11 20:29:35,389 :INFO : test_deletecustomer :Clicked on VoiceCommunication
2021-12-11 20:30:25,594 :INFO : test_deletecustomer :Clicked on VoiceCommunication 2
2021-12-11 20:30:35,619 :INFO : test_deletecustomer :Scrolled to bottom of page
2021-12-11 20:30:40,904 :INFO : test_deletecustomer :Searched customer Name
2021-12-11 20:30:46,135 :INFO : test_deletecustomer :Clicked three dots
2021-12-11 20:30:51,412 :INFO : test_deletecustomer :Clicked cancel option
2021-12-11 20:30:56,552 :INFO : test_deletecustomer :Clicked Confirm option
2021-12-11 20:31:01,791 :INFO : test_deletecustomer :Clicked Cancel It option
2021-12-11 20:54:02,461 :INFO : test_addcust :Clicked on Service Page DropDown
2021-12-11 20:54:02,508 :INFO : test_addcust :Selected Account
2021-12-11 20:54:22,656 :INFO : test_addcust :Clicked on VoiceCommunication
2021-12-11 20:54:42,900 :INFO : test_addcust :Clicked on VoiceCommunication 2
2021-12-11 20:55:13,140 :INFO : test_addcust :Clicked on Add Customer button
2021-12-11 20:55:13,272 :INFO : test_addcust :Entered Company Name
2021-12-11 20:55:13,342 :INFO : test_addcust :Entered Credit Limit
2021-12-11 20:55:13,413 :INFO : test_addcust :Entered Contact Name
2021-12-11 20:55:13,549 :INFO : test_addcust :Entered Contact Number
2021-12-11 20:55:13,647 :INFO : test_addcust :Entered Contact Email
2021-12-11 20:55:13,720 :INFO : test_addcust :Clicked Submit
2021-12-11 20:56:51,265 :INFO : test_deletecustomer :Clicked on Service Page DropDown
2021-12-11 20:56:51,316 :INFO : test_deletecustomer :Selected Account
2021-12-11 20:57:11,446 :INFO : test_deletecustomer :Clicked on VoiceCommunication
2021-12-11 20:58:01,630 :INFO : test_deletecustomer :Clicked on VoiceCommunication 2
2021-12-11 20:58:11,642 :INFO : test_deletecustomer :Scrolled to bottom of page
2021-12-11 20:58:16,868 :INFO : test_deletecustomer :Searched customer Name
2021-12-11 20:58:21,975 :INFO : test_deletecustomer :Clicked three dots
2021-12-11 20:58:27,156 :INFO : test_deletecustomer :Clicked cancel option
2021-12-11 20:58:32,241 :INFO : test_deletecustomer :Clicked Confirm option
2021-12-11 20:58:37,440 :INFO : test_deletecustomer :Clicked Cancel It option
2021-12-11 21:32:39,353 :INFO : test_addcust :Clicked on Service Page DropDown
2021-12-11 21:32:39,406 :INFO : test_addcust :Selected Account
2021-12-11 21:32:59,678 :INFO : test_addcust :Clicked on VoiceCommunication
2021-12-11 21:33:19,970 :INFO : test_addcust :Clicked on VoiceCommunication 2
2021-12-11 21:33:50,096 :INFO : test_addcust :Clicked on Add Customer button
2021-12-11 21:33:50,239 :INFO : test_addcust :Entered Company Name
2021-12-11 21:33:50,332 :INFO : test_addcust :Entered Credit Limit
2021-12-11 21:33:50,422 :INFO : test_addcust :Entered Contact Name
2021-12-11 21:33:50,536 :INFO : test_addcust :Entered Contact Number
2021-12-11 21:33:50,647 :INFO : test_addcust :Entered Contact Email
2021-12-11 21:33:50,708 :INFO : test_addcust :Clicked Submit
2021-12-11 21:34:53,356 :INFO : test_deletecustomer :Clicked on Service Page DropDown
2021-12-11 21:34:53,403 :INFO : test_deletecustomer :Selected Account
2021-12-11 21:35:13,622 :INFO : test_deletecustomer :Clicked on VoiceCommunication
2021-12-11 21:36:03,896 :INFO : test_deletecustomer :Clicked on VoiceCommunication 2
2021-12-11 21:36:13,918 :INFO : test_deletecustomer :Scrolled to bottom of page
2021-12-11 21:36:19,196 :INFO : test_deletecustomer :Searched customer Name
2021-12-11 21:36:24,434 :INFO : test_deletecustomer :Clicked three dots
2021-12-11 21:36:29,702 :INFO : test_deletecustomer :Clicked cancel option
2021-12-11 21:36:34,852 :INFO : test_deletecustomer :Clicked Confirm option
2021-12-11 21:36:39,987 :INFO : test_deletecustomer :Clicked Cancel It option
2021-12-11 21:43:02,228 :INFO : test_addcust :Clicked on Service Page DropDown
2021-12-11 21:43:02,372 :INFO : test_addcust :Selected Account
2021-12-11 21:43:22,618 :INFO : test_addcust :Clicked on VoiceCommunication
2021-12-11 21:43:42,880 :INFO : test_addcust :Clicked on VoiceCommunication 2
2021-12-11 21:44:13,129 :INFO : test_addcust :Clicked on Add Customer button
2021-12-11 21:44:13,246 :INFO : test_addcust :Entered Company Name
2021-12-11 21:44:13,317 :INFO : test_addcust :Entered Credit Limit
2021-12-11 21:44:13,388 :INFO : test_addcust :Entered Contact Name
2021-12-11 21:44:13,485 :INFO : test_addcust :Entered Contact Number
2021-12-11 21:44:13,590 :INFO : test_addcust :Entered Contact Email
2021-12-11 21:44:13,645 :INFO : test_addcust :Clicked Submit
2021-12-11 21:46:07,801 :INFO : test_deletecustomer :Clicked on Service Page DropDown
2021-12-11 21:46:07,947 :INFO : test_deletecustomer :Selected Account
2021-12-11 21:46:28,196 :INFO : test_deletecustomer :Clicked on VoiceCommunication
2021-12-11 21:47:18,488 :INFO : test_deletecustomer :Clicked on VoiceCommunication 2
2021-12-11 21:47:28,506 :INFO : test_deletecustomer :Scrolled to bottom of page
2021-12-11 21:47:33,792 :INFO : test_deletecustomer :Searched customer Name
2021-12-11 21:47:39,039 :INFO : test_deletecustomer :Clicked three dots
2021-12-11 21:47:44,312 :INFO : test_deletecustomer :Clicked cancel option
2021-12-11 21:47:49,476 :INFO : test_deletecustomer :Clicked Confirm option
2021-12-11 21:47:54,734 :INFO : test_deletecustomer :Clicked Cancel It option
2021-12-11 21:54:38,044 :INFO : test_addcust :Clicked on Service Page DropDown
2021-12-11 21:54:38,189 :INFO : test_addcust :Selected Account
2021-12-11 21:54:58,441 :INFO : test_addcust :Clicked on VoiceCommunication
2021-12-11 21:55:18,698 :INFO : test_addcust :Clicked on VoiceCommunication 2
2021-12-11 21:55:48,933 :INFO : test_addcust :Clicked on Add Customer button
2021-12-11 21:55:49,058 :INFO : test_addcust :Entered Company Name
2021-12-11 21:55:49,148 :INFO : test_addcust :Entered Credit Limit
2021-12-11 21:55:49,238 :INFO : test_addcust :Entered Contact Name
2021-12-11 21:55:49,336 :INFO : test_addcust :Entered Contact Number
2021-12-11 21:55:49,474 :INFO : test_addcust :Entered Contact Email
2021-12-11 21:55:49,543 :INFO : test_addcust :Clicked Submit
2021-12-11 21:58:09,619 :INFO : test_deletecustomer :Clicked on Service Page DropDown
2021-12-11 21:58:09,700 :INFO : test_deletecustomer :Selected Account
2021-12-11 21:58:29,935 :INFO : test_deletecustomer :Clicked on VoiceCommunication
2021-12-11 21:59:20,132 :INFO : test_deletecustomer :Clicked on VoiceCommunication 2
2021-12-11 21:59:30,163 :INFO : test_deletecustomer :Scrolled to bottom of page
2021-12-11 21:59:35,393 :INFO : test_deletecustomer :Searched customer Name
2021-12-11 21:59:40,546 :INFO : test_deletecustomer :Clicked three dots
2021-12-11 21:59:45,863 :INFO : test_deletecustomer :Clicked cancel option
2021-12-11 21:59:51,028 :INFO : test_deletecustomer :Clicked Confirm option
2021-12-11 21:59:56,262 :INFO : test_deletecustomer :Clicked Cancel It option
2021-12-11 22:04:29,600 :INFO : test_addcust :Clicked on Service Page DropDown
2021-12-11 22:04:29,653 :INFO : test_addcust :Selected Account
2021-12-11 22:04:49,897 :INFO : test_addcust :Clicked on VoiceCommunication
2021-12-11 22:05:10,154 :INFO : test_addcust :Clicked on VoiceCommunication 2
2021-12-11 22:05:40,406 :INFO : test_addcust :Clicked on Add Customer button
2021-12-11 22:05:40,526 :INFO : test_addcust :Entered Company Name
2021-12-11 22:05:40,605 :INFO : test_addcust :Entered Credit Limit
2021-12-11 22:05:40,681 :INFO : test_addcust :Entered Contact Name
2021-12-11 22:05:40,779 :INFO : test_addcust :Entered Contact Number
2021-12-11 22:05:40,888 :INFO : test_addcust :Entered Contact Email
2021-12-11 22:05:40,947 :INFO : test_addcust :Clicked Submit
2021-12-11 22:08:05,160 :INFO : test_deletecustomer :Clicked on Service Page DropDown
2021-12-11 22:08:05,296 :INFO : test_deletecustomer :Selected Account
2021-12-11 22:08:25,594 :INFO : test_deletecustomer :Clicked on VoiceCommunication
2021-12-11 22:09:15,841 :INFO : test_deletecustomer :Clicked on VoiceCommunication 2
2021-12-11 22:09:25,865 :INFO : test_deletecustomer :Scrolled to bottom of page
2021-12-11 22:09:31,148 :INFO : test_deletecustomer :Searched customer Name
2021-12-11 22:09:36,372 :INFO : test_deletecustomer :Clicked three dots
2021-12-11 22:09:41,562 :INFO : test_deletecustomer :Clicked cancel option
2021-12-11 22:09:46,720 :INFO : test_deletecustomer :Clicked Confirm option
2021-12-11 22:11:31,971 :INFO : test_deletecustomer :Clicked Cancel It option
2021-12-11 22:26:50,590 :INFO : test_addcust :Clicked on Service Page DropDown
2021-12-11 22:26:50,645 :INFO : test_addcust :Selected Account
2021-12-11 22:27:10,748 :INFO : test_addcust :Clicked on VoiceCommunication
2021-12-11 22:27:30,864 :INFO : test_addcust :Clicked on VoiceCommunication 2
2021-12-11 22:28:00,924 :INFO : test_addcust :Clicked on Add Customer button
2021-12-11 22:28:01,031 :INFO : test_addcust :Entered Company Name
2021-12-11 22:28:01,102 :INFO : test_addcust :Entered Credit Limit
2021-12-11 22:28:01,174 :INFO : test_addcust :Entered Contact Name
2021-12-11 22:28:01,255 :INFO : test_addcust :Entered Contact Number
2021-12-11 22:28:01,350 :INFO : test_addcust :Entered Contact Email
2021-12-11 22:28:01,401 :INFO : test_addcust :Clicked Submit
2021-12-11 22:35:47,292 :INFO : test_addcust :Clicked on Service Page DropDown
2021-12-11 22:35:47,339 :INFO : test_addcust :Selected Account
2021-12-11 22:36:07,472 :INFO : test_addcust :Clicked on VoiceCommunication
2021-12-11 22:36:27,657 :INFO : test_addcust :Clicked on VoiceCommunication 2
2021-12-11 22:36:57,786 :INFO : test_addcust :Clicked on Add Customer button
2021-12-11 22:36:57,895 :INFO : test_addcust :Entered Company Name
2021-12-11 22:36:57,964 :INFO : test_addcust :Entered Credit Limit
2021-12-11 22:36:58,032 :INFO : test_addcust :Entered Contact Name
2021-12-11 22:36:58,111 :INFO : test_addcust :Entered Contact Number
2021-12-11 22:36:58,206 :INFO : test_addcust :Entered Contact Email
2021-12-11 22:37:58,274 :INFO : test_addcust :Clicked Submit
2021-12-11 22:40:34,497 :INFO : test_addcust :Clicked on Service Page DropDown
2021-12-11 22:40:34,544 :INFO : test_addcust :Selected Account
2021-12-11 22:40:54,653 :INFO : test_addcust :Clicked on VoiceCommunication
2021-12-11 22:41:14,816 :INFO : test_addcust :Clicked on VoiceCommunication 2
2021-12-11 22:41:44,949 :INFO : test_addcust :Clicked on Add Customer button
2021-12-11 22:41:45,053 :INFO : test_addcust :Entered Company Name
2021-12-11 22:41:45,122 :INFO : test_addcust :Entered Credit Limit
2021-12-11 22:41:45,192 :INFO : test_addcust :Entered Contact Name
2021-12-11 22:41:45,284 :INFO : test_addcust :Entered Contact Number
2021-12-11 22:41:45,393 :INFO : test_addcust :Entered Contact Email
2021-12-11 22:42:05,451 :INFO : test_addcust :Clicked Submit
2021-12-11 22:44:44,021 :INFO : test_addcust :Clicked on Service Page DropDown
2021-12-11 22:44:44,068 :INFO : test_addcust :Selected Account
2021-12-11 22:45:04,238 :INFO : test_addcust :Clicked on VoiceCommunication
2021-12-11 22:45:24,404 :INFO : test_addcust :Clicked on VoiceCommunication 2
2021-12-11 22:45:54,555 :INFO : test_addcust :Clicked on Add Customer button
2021-12-11 22:45:54,665 :INFO : test_addcust :Entered Company Name
2021-12-11 22:45:54,734 :INFO : test_addcust :Entered Credit Limit
2021-12-11 22:45:54,802 :INFO : test_addcust :Entered Contact Name
2021-12-11 22:45:54,885 :INFO : test_addcust :Entered Contact Number
2021-12-11 22:45:54,981 :INFO : test_addcust :Entered Contact Email
2021-12-11 22:49:24,439 :INFO : test_addcust :Clicked on Service Page DropDown
2021-12-11 22:49:24,499 :INFO : test_addcust :Selected Account
2021-12-11 22:49:44,655 :INFO : test_addcust :Clicked on VoiceCommunication
2021-12-11 22:50:04,799 :INFO : test_addcust :Clicked on VoiceCommunication 2
2021-12-11 22:50:34,927 :INFO : test_addcust :Clicked on Add Customer button
2021-12-11 22:50:35,035 :INFO : test_addcust :Entered Company Name
2021-12-11 22:50:35,097 :INFO : test_addcust :Entered Credit Limit
2021-12-11 22:50:35,166 :INFO : test_addcust :Entered Contact Name
2021-12-11 22:50:35,254 :INFO : test_addcust :Entered Contact Number
2021-12-11 22:50:35,356 :INFO : test_addcust :Entered Contact Email
2021-12-11 22:50:37,471 :INFO : test_addcust :Clicked Submit
2021-12-11 22:50:37,473 :INFO : test_addcust :New Customer Added Successfully
2021-12-11 22:53:36,766 :INFO : test_deletecustomer :Clicked on Service Page DropDown
2021-12-11 22:53:36,817 :INFO : test_deletecustomer :Selected Account
2021-12-11 22:53:56,918 :INFO : test_deletecustomer :Clicked on VoiceCommunication
2021-12-11 22:54:47,085 :INFO : test_deletecustomer :Clicked on VoiceCommunication 2
2021-12-11 22:54:57,115 :INFO : test_deletecustomer :Scrolled to bottom of page
2021-12-11 22:55:02,288 :INFO : test_deletecustomer :Searched customer Name
2021-12-11 22:55:07,401 :INFO : test_deletecustomer :Clicked three dots
2021-12-11 22:55:12,562 :INFO : test_deletecustomer :Clicked cancel option
2021-12-11 22:55:17,617 :INFO : test_deletecustomer :Clicked Confirm option
2021-12-11 22:59:29,189 :INFO : test_deletecustomer :Clicked on Service Page DropDown
2021-12-11 22:59:29,238 :INFO : test_deletecustomer :Selected Account
2021-12-11 22:59:49,368 :INFO : test_deletecustomer :Clicked on VoiceCommunication
2021-12-11 23:00:39,503 :INFO : test_deletecustomer :Clicked on VoiceCommunication 2
2021-12-11 23:00:49,522 :INFO : test_deletecustomer :Scrolled to bottom of page
2021-12-11 23:00:54,707 :INFO : test_deletecustomer :Searched customer Name
2021-12-11 23:03:42,815 :INFO : test_deletecustomer :Clicked on Service Page DropDown
2021-12-11 23:03:42,867 :INFO : test_deletecustomer :Selected Account
2021-12-11 23:04:02,990 :INFO : test_deletecustomer :Clicked on VoiceCommunication
2021-12-11 23:04:53,175 :INFO : test_deletecustomer :Clicked on VoiceCommunication 2
2021-12-11 23:05:03,192 :INFO : test_deletecustomer :Scrolled to bottom of page
2021-12-11 23:05:08,351 :INFO : test_deletecustomer :Searched customer Name
2021-12-11 23:05:13,482 :INFO : test_deletecustomer :Clicked three dots
2021-12-11 23:05:18,651 :INFO : test_deletecustomer :Clicked cancel option
2021-12-11 23:05:23,764 :INFO : test_deletecustomer :Clicked Confirm option
2021-12-11 23:05:25,909 :INFO : test_deletecustomer :Clicked Cancel It option
2021-12-11 23:05:25,909 :INFO : test_deletecustomer :New Canceled Added Successfully
2021-12-11 23:23:21,444 :INFO : test_updatecustomer :Clicked on Service Page DropDown
2021-12-11 23:23:21,493 :INFO : test_updatecustomer :Selected Account
2021-12-11 23:25:54,379 :INFO : test_updatecustomer :Clicked on Service Page DropDown
2021-12-11 23:25:54,426 :INFO : test_updatecustomer :Selected Account
2021-12-11 23:26:14,570 :INFO : test_updatecustomer :Clicked on VoiceCommunication
2021-12-11 23:27:04,737 :INFO : test_updatecustomer :Clicked on VoiceCommunication 2
2021-12-11 23:27:14,760 :INFO : test_updatecustomer :Scrolled to bottom of page
2021-12-11 23:27:19,930 :INFO : test_updatecustomer :Searched customer Name
2021-12-11 23:30:18,074 :INFO : test_updatecustomer :Clicked on Service Page DropDown
2021-12-11 23:30:18,121 :INFO : test_updatecustomer :Selected Account
2021-12-11 23:30:38,294 :INFO : test_updatecustomer :Clicked on VoiceCommunication
2021-12-11 23:31:28,449 :INFO : test_updatecustomer :Clicked on VoiceCommunication 2
2021-12-11 23:31:38,469 :INFO : test_updatecustomer :Scrolled to bottom of page
2021-12-11 23:31:43,643 :INFO : test_updatecustomer :Searched customer Name
2021-12-11 23:31:48,772 :INFO : test_updatecustomer :Clicked three dots
2021-12-11 23:31:53,920 :INFO : test_updatecustomer :Clicked Edit option
2021-12-11 23:36:46,508 :INFO : test_updatecustomer :Clicked on Service Page DropDown
2021-12-11 23:36:46,554 :INFO : test_updatecustomer :Selected Account
2021-12-11 23:37:06,671 :INFO : test_updatecustomer :Clicked on VoiceCommunication
2021-12-11 23:37:56,846 :INFO : test_updatecustomer :Clicked on VoiceCommunication 2
2021-12-11 23:38:06,867 :INFO : test_updatecustomer :Scrolled to bottom of page
2021-12-11 23:38:12,036 :INFO : test_updatecustomer :Searched customer Name
2021-12-11 23:38:17,149 :INFO : test_updatecustomer :Clicked three dots
2021-12-11 23:38:22,292 :INFO : test_updatecustomer :Clicked Edit option
2021-12-11 23:42:39,444 :INFO : test_updatecustomer :Clicked on Service Page DropDown
2021-12-11 23:42:39,491 :INFO : test_updatecustomer :Selected Account
2021-12-11 23:42:59,625 :INFO : test_updatecustomer :Clicked on VoiceCommunication
2021-12-11 23:43:49,799 :INFO : test_updatecustomer :Clicked on VoiceCommunication 2
2021-12-11 23:43:59,818 :INFO : test_updatecustomer :Scrolled to bottom of page
2021-12-11 23:44:04,961 :INFO : test_updatecustomer :Searched customer Name
2021-12-11 23:44:10,056 :INFO : test_updatecustomer :Clicked three dots
2021-12-11 23:44:15,196 :INFO : test_updatecustomer :Clicked Edit option
2021-12-11 23:47:00,757 :INFO : test_updatecustomer :Clicked on Service Page DropDown
2021-12-11 23:47:00,803 :INFO : test_updatecustomer :Selected Account
2021-12-11 23:47:20,953 :INFO : test_updatecustomer :Clicked on VoiceCommunication
2021-12-11 23:48:11,116 :INFO : test_updatecustomer :Clicked on VoiceCommunication 2
2021-12-11 23:48:21,128 :INFO : test_updatecustomer :Scrolled to bottom of page
2021-12-11 23:48:26,292 :INFO : test_updatecustomer :Searched customer Name
2021-12-11 23:48:31,415 :INFO : test_updatecustomer :Clicked three dots
2021-12-11 23:48:36,545 :INFO : test_updatecustomer :Clicked Edit option
2021-12-11 23:48:41,716 :INFO : test_updatecustomer :Updated Company Name
2021-12-11 23:50:48,934 :INFO : test_updatecustomer :Clicked on Service Page DropDown
2021-12-11 23:50:48,978 :INFO : test_updatecustomer :Selected Account
2021-12-11 23:51:09,114 :INFO : test_updatecustomer :Clicked on VoiceCommunication
2021-12-11 23:51:59,265 :INFO : test_updatecustomer :Clicked on VoiceCommunication 2
2021-12-11 23:52:09,297 :INFO : test_updatecustomer :Scrolled to bottom of page
2021-12-11 23:52:14,486 :INFO : test_updatecustomer :Searched customer Name
2021-12-11 23:52:19,634 :INFO : test_updatecustomer :Clicked three dots
2021-12-11 23:52:24,786 :INFO : test_updatecustomer :Clicked Edit option
2021-12-11 23:52:29,968 :INFO : test_updatecustomer :Updated Company Name
2021-12-11 23:52:30,018 :INFO : test_updatecustomer :Clicked on Update Button
2021-12-11 23:52:32,065 :INFO : test_updatecustomer :Clicked Cancel It option
2021-12-11 23:52:32,065 :INFO : test_updatecustomer :New Canceled Added Successfully
2021-12-12 11:54:29,351 :INFO : test_deletecustomer :Clicked on Service Page DropDown
2021-12-12 11:54:29,432 :INFO : test_deletecustomer :Selected Account
2021-12-12 11:55:59,939 :INFO : test_updatecustomer :Clicked on Service Page DropDown
2021-12-12 11:56:00,013 :INFO : test_updatecustomer :Selected Account
2021-12-12 11:56:20,155 :INFO : test_updatecustomer :Clicked on VoiceCommunication
2021-12-12 12:06:36,600 :INFO : test_deletecustomer :Clicked on Service Page DropDown
2021-12-12 12:06:36,750 :INFO : test_deletecustomer :Selected Account
2021-12-12 12:06:56,964 :INFO : test_deletecustomer :Clicked on VoiceCommunication
2021-12-12 12:07:47,251 :INFO : test_deletecustomer :Clicked on VoiceCommunication 2
2021-12-12 12:07:57,269 :INFO : test_deletecustomer :Scrolled to bottom of page
2021-12-12 12:08:02,524 :INFO : test_deletecustomer :Searched customer Name
2021-12-12 12:08:55,338 :INFO : test_updatecustomer :Clicked on Service Page DropDown
2021-12-12 12:08:55,414 :INFO : test_updatecustomer :Selected Account
2021-12-12 12:09:15,567 :INFO : test_updatecustomer :Clicked on VoiceCommunication
2021-12-12 12:10:05,736 :INFO : test_updatecustomer :Clicked on VoiceCommunication 2
2021-12-12 12:10:15,729 :INFO : test_updatecustomer :Scrolled to bottom of page
2021-12-12 12:10:20,981 :INFO : test_updatecustomer :Searched customer Name
2021-12-12 12:10:26,124 :INFO : test_updatecustomer :Clicked three dots
2021-12-12 12:10:31,348 :INFO : test_updatecustomer :Clicked Edit option
2021-12-12 12:10:36,623 :INFO : test_updatecustomer :Updated Company Name
2021-12-12 12:10:36,729 :INFO : test_updatecustomer :Clicked on Update Button
2021-12-12 12:10:38,772 :INFO : test_updatecustomer :Clicked Cancel It option
2021-12-12 12:10:38,773 :INFO : test_updatecustomer :New Canceled Added Successfully
2021-12-12 12:32:54,278 :INFO : test_deletecustomer :Clicked on Service Page DropDown
2021-12-12 12:32:54,329 :INFO : test_deletecustomer :Selected Account
2021-12-12 12:33:14,543 :INFO : test_deletecustomer :Clicked on VoiceCommunication
2021-12-12 12:34:04,794 :INFO : test_deletecustomer :Clicked on VoiceCommunication 2
2021-12-12 12:34:14,819 :INFO : test_deletecustomer :Scrolled to bottom of page
2021-12-12 12:34:20,097 :INFO : test_deletecustomer :Searched customer Name
2021-12-12 12:34:25,235 :INFO : test_deletecustomer :Clicked three dots
2021-12-12 12:34:30,513 :INFO : test_deletecustomer :Clicked cancel option
2021-12-12 12:34:35,679 :INFO : test_deletecustomer :Clicked Confirm option
2021-12-12 12:34:37,930 :INFO : test_deletecustomer :Clicked Cancel It option
2021-12-12 12:34:37,931 :INFO : test_deletecustomer :New Canceled Added Successfully
2021-12-12 12:35:20,656 :INFO : test_updatecustomer :Clicked on Service Page DropDown
2021-12-12 12:35:20,779 :INFO : test_updatecustomer :Selected Account
2021-12-12 12:35:40,932 :INFO : test_updatecustomer :Clicked on VoiceCommunication
2021-12-12 12:36:31,169 :INFO : test_updatecustomer :Clicked on VoiceCommunication 2
2021-12-12 12:36:41,194 :INFO : test_updatecustomer :Scrolled to bottom of page
2021-12-12 12:36:46,457 :INFO : test_updatecustomer :Searched customer Name
2021-12-12 12:36:51,676 :INFO : test_updatecustomer :Clicked three dots
2021-12-12 12:36:56,817 :INFO : test_updatecustomer :Clicked Edit option
2021-12-12 12:37:01,999 :INFO : test_updatecustomer :Updated Company Name
2021-12-12 12:37:02,110 :INFO : test_updatecustomer :Clicked on Update Button
2021-12-12 12:37:04,189 :INFO : test_updatecustomer :Clicked Cancel It option
2021-12-12 12:37:04,190 :INFO : test_updatecustomer :New Canceled Added Successfully
2021-12-16 17:33:02,280 :INFO : test_deletecustomer :Clicked on Service Page DropDown
2021-12-16 17:33:02,374 :INFO : test_deletecustomer :Selected Account
2021-12-16 17:33:22,598 :INFO : test_deletecustomer :Clicked on VoiceCommunication
2021-12-16 17:34:12,894 :INFO : test_deletecustomer :Clicked on VoiceCommunication 2
2021-12-16 17:34:22,915 :INFO : test_deletecustomer :Scrolled to bottom of page
2021-12-16 17:34:28,223 :INFO : test_deletecustomer :Searched customer Name
2021-12-16 17:41:04,809 :INFO : test_addcust :Clicked on Service Page DropDown
2021-12-16 17:41:04,898 :INFO : test_addcust :Selected Account
2021-12-16 17:43:48,291 :INFO : test_addcust :Clicked on Service Page DropDown
2021-12-16 17:43:48,380 :INFO : test_addcust :Selected Account
2021-12-16 17:45:50,959 :INFO : test_addcust :Clicked on Service Page DropDown
2021-12-16 17:45:51,050 :INFO : test_addcust :Selected Account
2021-12-16 17:48:24,477 :INFO : test_addcust :Clicked on Service Page DropDown
2021-12-16 17:48:24,564 :INFO : test_addcust :Selected Account
2021-12-16 17:48:44,794 :INFO : test_addcust :Clicked on VoiceCommunication
2021-12-16 17:49:58,526 :INFO : test_addcust :Clicked on Service Page DropDown
2021-12-16 17:49:58,618 :INFO : test_addcust :Selected Account
2021-12-16 17:50:18,862 :INFO : test_addcust :Clicked on VoiceCommunication
2021-12-16 17:50:39,142 :INFO : test_addcust :Clicked on VoiceCommunication 2
2021-12-16 17:51:09,368 :INFO : test_addcust :Clicked on Add Customer button
2021-12-16 17:51:09,577 :INFO : test_addcust :Entered Company Name
2021-12-16 17:51:09,687 :INFO : test_addcust :Entered Credit Limit
2021-12-16 17:51:09,815 :INFO : test_addcust :Entered Contact Name
2021-12-16 17:51:09,973 :INFO : test_addcust :Entered Contact Number
2021-12-16 17:51:10,143 :INFO : test_addcust :Entered Contact Email
2021-12-16 17:51:12,311 :INFO : test_addcust :Clicked Submit
2021-12-16 17:51:54,610 :INFO : test_deletecustomer :Clicked on Service Page DropDown
2021-12-16 17:51:54,695 :INFO : test_deletecustomer :Selected Account
2021-12-16 17:52:14,920 :INFO : test_deletecustomer :Clicked on VoiceCommunication
2021-12-16 17:53:05,201 :INFO : test_deletecustomer :Clicked on VoiceCommunication 2
2021-12-16 17:53:15,227 :INFO : test_deletecustomer :Scrolled to bottom of page
2021-12-16 17:53:20,637 :INFO : test_deletecustomer :Searched customer Name
2021-12-16 17:53:25,823 :INFO : test_deletecustomer :Clicked three dots
2021-12-16 17:53:31,108 :INFO : test_deletecustomer :Clicked cancel option
2021-12-16 17:53:36,204 :INFO : test_deletecustomer :Clicked Confirm option
2021-12-16 17:53:38,384 :INFO : test_deletecustomer :Clicked Cancel It option
2021-12-16 17:53:38,384 :INFO : test_deletecustomer :New Canceled Added Successfully
2021-12-16 17:55:02,933 :INFO : test_updatecustomer :Clicked on Service Page DropDown
2021-12-16 17:55:03,036 :INFO : test_updatecustomer :Selected Account
2021-12-16 17:55:23,250 :INFO : test_updatecustomer :Clicked on VoiceCommunication
2021-12-16 17:56:13,528 :INFO : test_updatecustomer :Clicked on VoiceCommunication 2
2021-12-16 17:56:23,553 :INFO : test_updatecustomer :Scrolled to bottom of page
2021-12-16 17:56:28,863 :INFO : test_updatecustomer :Searched customer Name
2021-12-16 17:56:34,061 :INFO : test_updatecustomer :Clicked three dots
2021-12-16 17:56:39,296 :INFO : test_updatecustomer :Clicked Edit option
2021-12-16 17:56:44,588 :INFO : test_updatecustomer :Updated Company Name
2021-12-16 17:56:44,686 :INFO : test_updatecustomer :Clicked on Update Button
2021-12-16 17:56:46,734 :INFO : test_updatecustomer :Clicked Cancel It option
2021-12-16 17:56:46,734 :INFO : test_updatecustomer :New Canceled Added Successfully
